15-Sep-23 00:16:22 - INFO - Start of log
15-Sep-23 00:16:22 - WARNING -  * Debugger is active!
15-Sep-23 00:16:22 - INFO -  * Debugger PIN: 803-994-655
15-Sep-23 00:16:31 - INFO - 127.0.0.1 - - [15/Sep/2023 00:16:31] "GET / HTTP/1.1" 200 -
15-Sep-23 00:16:31 - INFO - 127.0.0.1 - - [15/Sep/2023 00:16:31] "[36mGET /static/main.css HTTP/1.1[0m" 304 -
15-Sep-23 00:16:34 - INFO - 127.0.0.1 - - [15/Sep/2023 00:16:34] "[32mGET /update-session HTTP/1.1[0m" 302 -
15-Sep-23 00:16:34 - INFO - 127.0.0.1 - - [15/Sep/2023 00:16:34] "GET /home HTTP/1.1" 200 -
15-Sep-23 00:16:34 - INFO - 127.0.0.1 - - [15/Sep/2023 00:16:34] "[36mGET /static/main.css HTTP/1.1[0m" 304 -
15-Sep-23 00:17:48 - INFO - rptEarningsByTreeDetailEmail-1.pdf
15-Sep-23 00:17:49 - INFO - <callable_iterator object at 0x7fda1e6e09d0>
15-Sep-23 00:17:49 - INFO - Match found: <re.Match object; span=(272, 339), match='28-May-23 017 ISL-002 2,520 0.1202 302.88 12.12 1>
15-Sep-23 00:17:49 - INFO - Match found: <re.Match object; span=(340, 405), match='28-May-23 017 ISL-002 1,080 0.1202 129.81 5.19 5.>
15-Sep-23 00:17:49 - INFO - Match found: <re.Match object; span=(438, 505), match='29-May-23 017 ISL-002 2,160 0.1202 259.62 10.38 1>
15-Sep-23 00:17:49 - INFO - Match found: <re.Match object; span=(506, 571), match='29-May-23 017 ISL-002 1,080 0.1202 129.81 5.19 5.>
15-Sep-23 00:17:49 - INFO - Match found: <re.Match object; span=(604, 665), match='30-May-23 017 ISL-002 720 0.1202 86.54 3.46 3.60 >
15-Sep-23 00:17:49 - INFO - Match found: <re.Match object; span=(666, 731), match='30-May-23 017 ISL-002 1,290 0.1202 155.05 6.20 6.>
15-Sep-23 00:17:49 - INFO - Match found: <re.Match object; span=(763, 830), match='01-Jun-23 017 VLR-213 3,600 0.1202 432.69 17.31 1>
15-Sep-23 00:17:49 - INFO - Match found: <re.Match object; span=(863, 930), match='02-Jun-23 017 VLR-037 3,420 0.1202 411.06 16.44 1>
15-Sep-23 00:17:49 - INFO - Match found: <re.Match object; span=(963, 1029), match='03-Jun-23 017 DP-001 2,610 0.1479 386.09 15.44 16>
15-Sep-23 00:17:49 - INFO - Match found: <re.Match object; span=(1062, 1123), match='05-Jun-23 017 VLR-038 600 0.1294 77.66 3.11 3.23 >
15-Sep-23 00:17:49 - INFO - Match found: <re.Match object; span=(1124, 1191), match='05-Jun-23 017 VLR-022 2,040 0.1294 264.05 10.56 1>
15-Sep-23 00:17:49 - INFO - Match found: <re.Match object; span=(1224, 1285), match='06-Jun-23 017 WJL-200 420 0.1294 54.36 2.17 2.26 >
15-Sep-23 00:17:49 - INFO - Match found: <re.Match object; span=(1286, 1353), match='06-Jun-23 017 WJL-200 2,985 0.1294 386.37 15.45 1>
15-Sep-23 00:17:49 - INFO - Match found: <re.Match object; span=(1386, 1447), match='07-Jun-23 017 VMR-849 360 0.1202 43.27 1.73 1.80 >
15-Sep-23 00:17:49 - INFO - Match found: <re.Match object; span=(1448, 1513), match='07-Jun-23 017 VMR-851 1,650 0.1202 198.32 7.93 8.>
15-Sep-23 00:17:49 - INFO - rptEarningsByTreeDetailEmail-2.pdf
15-Sep-23 00:17:49 - INFO - <callable_iterator object at 0x7fda1e6e18d0>
15-Sep-23 00:17:49 - INFO - Match found: <re.Match object; span=(272, 334), match='09-Jun-23 017 WJL-200 720 0.1294 93.20 3.73 3.88 >
15-Sep-23 00:17:49 - INFO - Match found: <re.Match object; span=(335, 402), match='09-Jun-23 017 VMR-851 3,510 0.1202 421.88 16.88 1>
15-Sep-23 00:17:49 - INFO - Match found: <re.Match object; span=(435, 502), match='10-Jun-23 017 ISL-002 3,075 0.1202 369.59 14.78 1>
15-Sep-23 00:17:49 - INFO - rptEarningsByTreeDetailEmail-3.pdf
15-Sep-23 00:17:49 - INFO - <callable_iterator object at 0x7fda1e6e0d00>
15-Sep-23 00:17:49 - INFO - Match found: <re.Match object; span=(272, 337), match='25-Jun-23 011 S2680 2,760 0.1202 331.73 13.27 13.>
15-Sep-23 00:17:49 - INFO - Match found: <re.Match object; span=(370, 435), match='26-Jun-23 011 S3638 3,450 0.1202 414.66 16.59 17.>
15-Sep-23 00:17:49 - INFO - Match found: <re.Match object; span=(468, 533), match='27-Jun-23 011 S3468 2,265 0.1202 272.24 10.89 11.>
15-Sep-23 00:17:49 - INFO - Match found: <re.Match object; span=(566, 629), match='29-Jun-23 011 S3468 1,395 0.1202 167.67 6.71 6.98>
15-Sep-23 00:17:49 - INFO - Match found: <re.Match object; span=(630, 693), match='29-Jun-23 011 ST610 1,425 0.1202 171.27 6.85 7.13>
15-Sep-23 00:17:49 - INFO - Match found: <re.Match object; span=(726, 791), match='30-Jun-23 011 ST897 3,500 0.1202 420.67 16.83 17.>
15-Sep-23 00:17:49 - INFO - Match found: <re.Match object; span=(824, 890), match='01-Jul-23 011 ST2268 3,030 0.1202 364.18 14.57 15>
15-Sep-23 00:17:49 - INFO - Match found: <re.Match object; span=(923, 988), match='02-Jul-23 011 S2032 3,360 0.1202 403.85 16.15 16.>
15-Sep-23 00:17:49 - INFO - rptEarningsByTreeDetailEmail-4.pdf
15-Sep-23 00:17:49 - INFO - <callable_iterator object at 0x7fda1e6e18d0>
15-Sep-23 00:17:49 - INFO - Match found: <re.Match object; span=(272, 338), match='08-Jul-23 018 C-2518 3,000 0.1433 429.92 17.20 17>
15-Sep-23 00:17:49 - INFO - Match found: <re.Match object; span=(371, 438), match='09-Jul-23 018 RF-2408 2,700 0.1387 374.45 14.98 1>
15-Sep-23 00:17:49 - INFO - Match found: <re.Match object; span=(439, 499), match='09-Jul-23 018 C-2518 300 0.1248 37.44 1.50 1.56 0>
15-Sep-23 00:17:49 - INFO - Match found: <re.Match object; span=(532, 594), match='10-Jul-23 018 PiC-1956 360 0.1202 43.27 1.73 1.80>
15-Sep-23 00:17:49 - INFO - Match found: <re.Match object; span=(595, 658), match='10-Jul-23 018 PiC-1956 615 0.1572 96.66 3.87 4.02>
15-Sep-23 00:17:49 - INFO - Match found: <re.Match object; span=(659, 723), match='10-Jul-23 018 PiC-1956 780 0.1572 122.60 4.90 5.1>
15-Sep-23 00:17:49 - INFO - Match found: <re.Match object; span=(724, 790), match='10-Jul-23 018 PiC-1956 1,425 0.1202 171.27 6.85 7>
15-Sep-23 00:17:49 - INFO - Match found: <re.Match object; span=(823, 889), match='12-Jul-23 018 C-1926 3,240 0.1341 434.36 17.37 18>
15-Sep-23 00:17:49 - INFO - Match found: <re.Match object; span=(890, 952), match='12-Jul-23 018 C-1926 750 0.1341 100.55 4.02 4.18 >
15-Sep-23 00:17:49 - INFO - Match found: <re.Match object; span=(985, 1053), match='13-Jul-23 018 CrCr-471 2,180 0.1387 302.33 12.09 >
15-Sep-23 00:17:49 - INFO - Match found: <re.Match object; span=(1054, 1116), match='13-Jul-23 018 CrCr-471 495 0.1387 68.65 2.75 2.86>
15-Sep-23 00:17:49 - INFO - Match found: <re.Match object; span=(1149, 1210), match='14-Jul-23 018 TC-3089 630 0.1341 84.46 3.38 3.51 >
15-Sep-23 00:17:49 - INFO - Match found: <re.Match object; span=(1211, 1278), match='14-Jul-23 018 TC-3089 2,145 0.1341 287.56 11.50 1>
15-Sep-23 00:17:49 - INFO - Match found: <re.Match object; span=(1311, 1376), match='16-Jul-23 018 TC-3636 1,260 0.1387 174.74 6.99 7.>
15-Sep-23 00:17:49 - INFO - Match found: <re.Match object; span=(1377, 1439), match='16-Jul-23 018 CrCr-471 150 0.1341 20.11 0.80 0.84>
15-Sep-23 00:17:49 - INFO - Match found: <re.Match object; span=(1440, 1497), match='16-Jul-23 018 C-1926 60 0.1341 8.04 0.32 0.33 0.1>
15-Sep-23 00:17:49 - INFO - Match found: <re.Match object; span=(1498, 1563), match='16-Jul-23 018 TC-3636 1,215 0.1387 168.50 6.74 7.>
15-Sep-23 00:17:49 - INFO - Match found: <re.Match object; span=(1564, 1624), match='16-Jul-23 018 C-1926 180 0.1341 24.13 0.97 1.00 0>
15-Sep-23 00:17:49 - INFO - Match found: <re.Match object; span=(1625, 1686), match='16-Jul-23 018 TC-3636 540 0.1294 69.90 2.80 2.91 >
15-Sep-23 00:17:49 - INFO - Match found: <re.Match object; span=(1687, 1749), match='16-Jul-23 018 PiC-1956 150 0.1572 23.58 0.94 0.98>
15-Sep-23 00:17:49 - INFO - Match found: <re.Match object; span=(1782, 1842), match='17-Jul-23 018 RF-100 300 0.1387 41.61 1.66 1.73 0>
15-Sep-23 00:17:49 - INFO - Match found: <re.Match object; span=(1843, 1907), match='17-Jul-23 018 RF-100 1,680 0.1387 232.99 9.32 9.6>
15-Sep-23 00:17:49 - INFO - Match found: <re.Match object; span=(1940, 2004), match='18-Jul-23 018 RF-100 1,020 0.1387 141.46 5.66 5.8>
15-Sep-23 00:17:49 - INFO - Match found: <re.Match object; span=(2005, 2071), match='18-Jul-23 018 RF-100 2,040 0.1387 282.91 11.32 11>
15-Sep-23 00:17:49 - INFO - Match found: <re.Match object; span=(2104, 2164), match='19-Jul-23 018 RF-100 150 0.1341 20.11 0.80 0.84 0>
15-Sep-23 00:17:49 - INFO - Match found: <re.Match object; span=(2165, 2225), match='19-Jul-23 018 RF-100 400 0.1341 53.62 2.14 2.23 0>
15-Sep-23 00:17:49 - INFO - Match found: <re.Match object; span=(2226, 2286), match='19-Jul-23 018 RF-100 405 0.1387 56.17 2.25 2.34 0>
15-Sep-23 00:17:49 - INFO - Match found: <re.Match object; span=(2287, 2349), match='19-Jul-23 018 RF-100 960 0.1387 133.14 5.33 5.54 >
15-Sep-23 00:17:49 - INFO - Match found: <re.Match object; span=(2350, 2412), match='19-Jul-23 018 RF-100 825 0.1387 114.41 4.58 4.76 >
15-Sep-23 00:17:49 - INFO - <callable_iterator object at 0x7fda1e6e3bb0>
15-Sep-23 00:17:49 - INFO - Match found: <re.Match object; span=(146, 213), match='21-Jul-23 018 SC-1676 2,240 0.1387 310.65 12.43 1>
15-Sep-23 00:17:49 - INFO - Match found: <re.Match object; span=(214, 277), match='21-Jul-23 018 SC-1676 820 0.1387 113.72 4.55 4.73>
15-Sep-23 00:17:49 - INFO - Match found: <re.Match object; span=(278, 339), match='21-Jul-23 018 SC-1676 150 0.1387 20.80 0.83 0.87 >
15-Sep-23 00:17:49 - INFO - Match found: <re.Match object; span=(372, 440), match='22-Jul-23 018 NSL-3163 2,475 0.1387 343.24 13.73 >
15-Sep-23 00:17:49 - INFO - Match found: <re.Match object; span=(473, 534), match='23-Jul-23 018 RF-3668 405 0.1294 52.42 2.10 2.18 >
15-Sep-23 00:17:49 - INFO - Match found: <re.Match object; span=(535, 596), match='23-Jul-23 018 RF-3136 360 0.1294 46.60 1.86 1.94 >
15-Sep-23 00:17:49 - INFO - Match found: <re.Match object; span=(597, 660), match='23-Jul-23 018 RF-3136 840 0.1294 108.73 4.35 4.52>
15-Sep-23 00:17:49 - INFO - Match found: <re.Match object; span=(661, 724), match='23-Jul-23 018 RF-3136 975 0.1294 126.20 5.05 5.25>
15-Sep-23 00:17:49 - INFO - Match found: <re.Match object; span=(757, 818), match='24-Jul-23 018 RF-3136 150 0.1294 19.42 0.78 0.81 >
15-Sep-23 00:17:49 - INFO - Match found: <re.Match object; span=(819, 880), match='24-Jul-23 018 RF-3668 280 0.1294 36.24 1.45 1.51 >
15-Sep-23 00:17:49 - INFO - Match found: <re.Match object; span=(881, 942), match='24-Jul-23 018 RF-3668 390 0.1294 50.48 2.02 2.10 >
15-Sep-23 00:17:49 - INFO - Match found: <re.Match object; span=(943, 1006), match='24-Jul-23 018 RF-3136 930 0.1294 120.38 4.82 5.01>
15-Sep-23 00:17:49 - INFO - Match found: <re.Match object; span=(1007, 1069), match='24-Jul-23 018 RF-3668 735 0.1294 95.14 3.81 3.96 >
15-Sep-23 00:17:49 - INFO - rptEarningsByTreeDetailEmail-5.pdf
15-Sep-23 00:17:49 - INFO - <callable_iterator object at 0x7fda1e6e34f0>
15-Sep-23 00:17:49 - INFO - Match found: <re.Match object; span=(272, 338), match='15-Jun-23 022 PL-525 2,160 0.1294 279.59 11.18 11>
15-Sep-23 00:17:49 - INFO - Match found: <re.Match object; span=(339, 404), match='15-Jun-23 022 LRW-207 1,440 0.1294 186.39 7.46 7.>
15-Sep-23 00:17:49 - INFO - Match found: <re.Match object; span=(437, 498), match='16-Jun-23 022 LRW-016 360 0.1294 46.60 1.86 1.94 >
15-Sep-23 00:17:49 - INFO - Match found: <re.Match object; span=(499, 566), match='16-Jun-23 022 LRW-207 3,120 0.1294 403.85 16.15 1>
15-Sep-23 00:17:49 - INFO - Match found: <re.Match object; span=(599, 660), match='17-Jun-23 022 LRW-014 360 0.1294 46.60 1.86 1.94 >
15-Sep-23 00:17:49 - INFO - Match found: <re.Match object; span=(661, 726), match='17-Jun-23 022 LRW-016 1,440 0.1294 186.39 7.46 7.>
15-Sep-23 00:17:49 - INFO - Match found: <re.Match object; span=(757, 823), match='20-Jun-23 022 CYTL-026 1,965 0.1202 236.18 9.45 9>
15-Sep-23 00:17:49 - INFO - Match found: <re.Match object; span=(824, 889), match='20-Jun-23 022 OC-2225 1,140 0.1387 158.10 6.32 6.>
15-Sep-23 00:17:49 - INFO - Match found: <re.Match object; span=(922, 984), match='21-Jun-23 022 OC-2225 720 0.1387 99.85 3.99 4.15 >
15-Sep-23 00:17:49 - INFO - rptEarningsByTreeDetailEmail.pdf
15-Sep-23 00:17:49 - INFO - <callable_iterator object at 0x7fda1e6ab610>
15-Sep-23 00:17:49 - INFO - Match found: <re.Match object; span=(272, 337), match='05-May-23 016 JB-24 2,380 0.1294 308.06 12.32 12.>
15-Sep-23 00:17:49 - INFO - Match found: <re.Match object; span=(370, 435), match='06-May-23 016 JB-24 2,520 0.1294 326.18 13.05 13.>
15-Sep-23 00:17:49 - INFO - Match found: <re.Match object; span=(468, 533), match='08-May-23 016 JB-11 3,000 0.1294 388.31 15.53 16.>
15-Sep-23 00:17:49 - INFO - Match found: <re.Match object; span=(566, 631), match='09-May-23 016 JB-12 3,250 0.1202 390.63 15.63 16.>
15-Sep-23 00:17:49 - INFO - Match found: <re.Match object; span=(664, 727), match='10-May-23 016 JB-33 1,200 0.1294 155.33 6.21 6.46>
15-Sep-23 00:17:49 - INFO - Match found: <re.Match object; span=(728, 793), match='10-May-23 016 JB-33 2,600 0.1202 312.50 12.50 13.>
15-Sep-23 00:17:49 - INFO - Match found: <re.Match object; span=(826, 891), match='12-May-23 016 JB-33 4,475 0.1202 537.86 21.51 22.>
15-Sep-23 00:17:49 - INFO - Match found: <re.Match object; span=(924, 989), match='13-May-23 016 JB-33 4,000 0.1202 480.77 19.23 20.>
15-Sep-23 00:17:49 - INFO - Match found: <re.Match object; span=(1022, 1087), match='15-May-23 016 JB-33 4,375 0.1202 525.84 21.03 21.>
15-Sep-23 00:17:49 - INFO - Match found: <re.Match object; span=(1120, 1185), match='16-May-23 016 JB-33 3,625 0.1202 435.70 17.43 18.>
15-Sep-23 00:17:49 - INFO - Match found: <re.Match object; span=(1218, 1284), match='17-May-23 016 JB-141 3,200 0.1202 384.62 15.38 16>
15-Sep-23 00:17:49 - INFO - Match found: <re.Match object; span=(1317, 1382), match='19-May-23 020 JB-64 2,940 0.1294 380.55 15.22 15.>
15-Sep-23 00:17:49 - INFO - Match found: <re.Match object; span=(1383, 1442), match='19-May-23 020 JB-64 420 0.1387 58.25 2.33 2.42 0.>
15-Sep-23 00:17:49 - INFO - Match found: <re.Match object; span=(1475, 1540), match='20-May-23 020 JB-64 2,460 0.1202 295.67 11.83 12.>
15-Sep-23 00:17:49 - INFO - Match found: <re.Match object; span=(1541, 1605), match='20-May-23 020 JB-64 1,880 0.1294 243.34 9.73 10.1>
15-Sep-23 00:17:49 - INFO - Match found: <re.Match object; span=(1606, 1665), match='20-May-23 020 JB-64 180 0.1202 21.63 0.87 0.90 0.>
15-Sep-23 00:17:49 - INFO - Match found: <re.Match object; span=(1698, 1763), match='22-May-23 020 JB-64 4,320 0.1202 519.23 20.77 21.>
15-Sep-23 00:17:49 - INFO - Match found: <re.Match object; span=(1796, 1861), match='23-May-23 020 JB-64 3,960 0.1294 512.57 20.50 21.>
15-Sep-23 00:17:49 - INFO - Match found: <re.Match object; span=(1894, 1959), match='24-May-23 020 JB-64 2,340 0.1202 281.25 11.25 11.>
15-Sep-23 00:17:49 - INFO - 127.0.0.1 - - [15/Sep/2023 00:17:49] "POST /home HTTP/1.1" 200 -
